This is pdfTeX, Version 3.1415926-2.4-1.40.13 (MiKTeX 2.9) (preloaded format=pdflatex 2013.6.11)  4 JUL 2013 10:15
entering extended mode
**C:/Users/i070192/Dropbox/Documents/PhD*TelecomParisTech*-*EURECOM*-*France*20
12-2015/My*PhD*Documents/Papers/SNARC*An*Approach*for*Aggregating*and*Recommend
ing*Contextualized*Social*Content/SNARC.tex

("C:/Users/i070192/Dropbox/Documents/PhD TelecomParisTech - EURECOM - France 20
12-2015/My PhD Documents/Papers/SNARC An Approach for Aggregating and Recommend
ing Contextualized Social Content/SNARC.tex"
LaTeX2e <2011/06/27>
Babel <v3.8m> and hyphenation patterns for english, afrikaans, ancientgreek, ar
abic, armenian, assamese, basque, bengali, bokmal, bulgarian, catalan, coptic, 
croatian, czech, danish, dutch, esperanto, estonian, farsi, finnish, french, ga
lician, german, german-x-2012-05-30, greek, gujarati, hindi, hungarian, iceland
ic, indonesian, interlingua, irish, italian, kannada, kurmanji, latin, latvian,
 lithuanian, malayalam, marathi, mongolian, mongolianlmc, monogreek, ngerman, n
german-x-2012-05-30, nynorsk, oriya, panjabi, pinyin, polish, portuguese, roman
ian, russian, sanskrit, serbian, slovak, slovenian, spanish, swedish, swissgerm
an, tamil, telugu, turkish, turkmen, ukenglish, ukrainian, uppersorbian, usengl
ishmax, welsh, loaded.

("C:\Users\i070192\Dropbox\Documents\PhD TelecomParisTech - EURECOM - France 20
12-2015\My PhD Documents\Papers\SNARC An Approach for Aggregating and Recommend
ing Contextualized Social Content\llncs.cls"
Document Class: llncs 2010/07/12 v2.17 
 LaTeX document class for Lecture Notes in Computer Science
("C:\Program Files (x86)\MiKTeX\tex\latex\base\article.cls"
Document Class: article 2007/10/19 v1.4h Standard LaTeX document class
("C:\Program Files (x86)\MiKTeX\tex\latex\base\size10.clo"
File: size10.clo 2007/10/19 v1.4h Standard LaTeX file (size option)
)
\c@part=\count79
\c@section=\count80
\c@subsection=\count81
\c@subsubsection=\count82
\c@paragraph=\count83
\c@subparagraph=\count84
\c@figure=\count85
\c@table=\count86
\abovecaptionskip=\skip41
\belowcaptionskip=\skip42
\bibindent=\dimen102
)
("C:\Program Files (x86)\MiKTeX\tex\latex\tools\multicol.sty"
Package: multicol 2011/06/27 v1.7a multicolumn formatting (FMi)
\c@tracingmulticols=\count87
\mult@box=\box26
\multicol@leftmargin=\dimen103
\c@unbalance=\count88
\c@collectmore=\count89
\doublecol@number=\count90
\multicoltolerance=\count91
\multicolpretolerance=\count92
\full@width=\dimen104
\page@free=\dimen105
\premulticols=\dimen106
\postmulticols=\dimen107
\multicolsep=\skip43
\multicolbaselineskip=\skip44
\partial@page=\box27
\last@line=\box28
\mult@rightbox=\box29
\mult@grightbox=\box30
\mult@gfirstbox=\box31
\mult@firstbox=\box32
\@tempa=\box33
\@tempa=\box34
\@tempa=\box35
\@tempa=\box36
\@tempa=\box37
\@tempa=\box38
\@tempa=\box39
\@tempa=\box40
\@tempa=\box41
\@tempa=\box42
\@tempa=\box43
\@tempa=\box44
\@tempa=\box45
\@tempa=\box46
\@tempa=\box47
\@tempa=\box48
\@tempa=\box49
\c@columnbadness=\count93
\c@finalcolumnbadness=\count94
\last@try=\dimen108
\multicolovershoot=\dimen109
\multicolundershoot=\dimen110
\mult@nat@firstbox=\box50
\colbreak@box=\box51
\multicol@sort@counter=\count95
)
("C:\Users\i070192\Dropbox\Documents\PhD TelecomParisTech - EURECOM - France 20
12-2015\My PhD Documents\Papers\SNARC An Approach for Aggregating and Recommend
ing Contextualized Social Content\aliascnt.sty"
Package: aliascnt 2009/09/08 v1.3 Alias counter (HO)

("C:\Users\i070192\Dropbox\Documents\PhD TelecomParisTech - EURECOM - France 20
12-2015\My PhD Documents\Papers\SNARC An Approach for Aggregating and Recommend
ing Contextualized Social Content\remreset.sty"))
\c@chapter=\count96
LaTeX Font Info:    Redeclaring math symbol \Gamma on input line 362.
LaTeX Font Info:    Redeclaring math symbol \Delta on input line 363.
LaTeX Font Info:    Redeclaring math symbol \Theta on input line 364.
LaTeX Font Info:    Redeclaring math symbol \Lambda on input line 365.
LaTeX Font Info:    Redeclaring math symbol \Xi on input line 366.
LaTeX Font Info:    Redeclaring math symbol \Pi on input line 367.
LaTeX Font Info:    Redeclaring math symbol \Sigma on input line 368.
LaTeX Font Info:    Redeclaring math symbol \Upsilon on input line 369.
LaTeX Font Info:    Redeclaring math symbol \Phi on input line 370.
LaTeX Font Info:    Redeclaring math symbol \Psi on input line 371.
LaTeX Font Info:    Redeclaring math symbol \Omega on input line 372.
\tocchpnum=\dimen111
\tocsecnum=\dimen112
\tocsectotal=\dimen113
\tocsubsecnum=\dimen114
\tocsubsectotal=\dimen115
\tocsubsubsecnum=\dimen116
\tocsubsubsectotal=\dimen117
\tocparanum=\dimen118
\tocparatotal=\dimen119
\tocsubparanum=\dimen120
\fnindent=\dimen121
\c@@inst=\count97
\c@@auth=\count98
\c@auco=\count99
\instindent=\dimen122
\authrun=\box52
\authorrunning=\toks14
\tocauthor=\toks15
\titrun=\box53
\titlerunning=\toks16
\toctitle=\toks17
\c@theorem=\count100
\c@case=\count101
\c@conjecture=\count102
\c@corollary=\count103
\c@definition=\count104
\c@example=\count105
\c@exercise=\count106
\c@lemma=\count107
\c@note=\count108
\c@problem=\count109
\c@property=\count110
\c@proposition=\count111
\c@question=\count112
\c@solution=\count113
\c@remark=\count114
\headlineindent=\dimen123
)
("C:\Program Files (x86)\MiKTeX\tex\latex\graphics\graphicx.sty"
Package: graphicx 1999/02/16 v1.0f Enhanced LaTeX Graphics (DPC,SPQR)

("C:\Program Files (x86)\MiKTeX\tex\latex\graphics\keyval.sty"
Package: keyval 1999/03/16 v1.13 key=value parser (DPC)
\KV@toks@=\toks18
)
("C:\Program Files (x86)\MiKTeX\tex\latex\graphics\graphics.sty"
Package: graphics 2009/02/05 v1.0o Standard LaTeX Graphics (DPC,SPQR)

("C:\Program Files (x86)\MiKTeX\tex\latex\graphics\trig.sty"
Package: trig 1999/03/16 v1.09 sin cos tan (DPC)
)
("C:\Program Files (x86)\MiKTeX\tex\latex\00miktex\graphics.cfg"
File: graphics.cfg 2007/01/18 v1.5 graphics configuration of teTeX/TeXLive
)
Package graphics Info: Driver file: pdftex.def on input line 91.

("C:\Program Files (x86)\MiKTeX\tex\latex\pdftex-def\pdftex.def"
File: pdftex.def 2011/05/27 v0.06d Graphics/color for pdfTeX

("C:\Program Files (x86)\MiKTeX\tex\generic\oberdiek\infwarerr.sty"
Package: infwarerr 2010/04/08 v1.3 Providing info/warning/error messages (HO)
)
("C:\Program Files (x86)\MiKTeX\tex\generic\oberdiek\ltxcmds.sty"
Package: ltxcmds 2011/11/09 v1.22 LaTeX kernel commands for general use (HO)
)
\Gread@gobject=\count115
))
\Gin@req@height=\dimen124
\Gin@req@width=\dimen125
)
("C:\Users\i070192\Dropbox\Documents\PhD TelecomParisTech - EURECOM - France 20
12-2015\My PhD Documents\Papers\SNARC An Approach for Aggregating and Recommend
ing Contextualized Social Content\SNARC.aux")
LaTeX Font Info:    Checking defaults for OML/cmm/m/it on input line 5.
LaTeX Font Info:    ... okay on input line 5.
LaTeX Font Info:    Checking defaults for T1/cmr/m/n on input line 5.
LaTeX Font Info:    ... okay on input line 5.
LaTeX Font Info:    Checking defaults for OT1/cmr/m/n on input line 5.
LaTeX Font Info:    ... okay on input line 5.
LaTeX Font Info:    Checking defaults for OMS/cmsy/m/n on input line 5.
LaTeX Font Info:    ... okay on input line 5.
LaTeX Font Info:    Checking defaults for OMX/cmex/m/n on input line 5.
LaTeX Font Info:    ... okay on input line 5.
LaTeX Font Info:    Checking defaults for U/cmr/m/n on input line 5.
LaTeX Font Info:    ... okay on input line 5.

("C:\Program Files (x86)\MiKTeX\tex\context\base\supp-pdf.mkii"
[Loading MPS to PDF converter (version 2006.09.02).]
\scratchcounter=\count116
\scratchdimen=\dimen126
\scratchbox=\box54
\nofMPsegments=\count117
\nofMParguments=\count118
\everyMPshowfont=\toks19
\MPscratchCnt=\count119
\MPscratchDim=\dimen127
\MPnumerator=\count120
\makeMPintoPDFobject=\count121
\everyMPtoPDFconversion=\toks20
)
LaTeX Font Info:    External font `cmex10' loaded for size
(Font)              <7> on input line 16.
LaTeX Font Info:    External font `cmex10' loaded for size
(Font)              <5> on input line 16.
LaTeX Font Info:    External font `cmex10' loaded for size
(Font)              <9> on input line 16.
LaTeX Font Info:    External font `cmex10' loaded for size
(Font)              <6> on input line 16.

Overfull \hbox (9.35135pt too wide) in paragraph at lines 20--21
\OT1/cmr/bx/n/9 Keywords:\OT1/cmr/m/n/9 Social news, so-cial net-works, ag-gre-
ga-tor, data min-ing, mashup 
 []

[1

{C:/Users/i070192/AppData/Local/MiKTeX/2.9/pdftex/config/pdftex.map}]
<figures/architecture-part1.png, id=12, 408.77719pt x 143.03438pt>
File: figures/architecture-part1.png Graphic file (type png)

<use figures/architecture-part1.png>
Package pdftex.def Info: figures/architecture-part1.png used on input line 35.
(pdftex.def)             Requested size: 327.02219pt x 114.42764pt.


LaTeX Warning: `!h' float specifier changed to `!ht'.

[2] [3 <C:/Users/i070192/Dropbox/Documents/PhD TelecomParisTech - EURECOM - Fra
nce 2012-2015/My PhD Documents/Papers/SNARC An Approach for Aggregating and Rec
ommending Contextualized Social Content/figures/architecture-part1.png>]
<figures/architecture-part2.png, id=20, 408.77719pt x 286.82156pt>
File: figures/architecture-part2.png Graphic file (type png)

<use figures/architecture-part2.png>
Package pdftex.def Info: figures/architecture-part2.png used on input line 62.
(pdftex.def)             Requested size: 306.58214pt x 215.11563pt.


LaTeX Warning: `!h' float specifier changed to `!ht'.

[4]
Missing character: There is no â in font cmr10!
Missing character: There is no € in font cmr10!
Missing character: There is no ™ in font cmr10!

Overfull \hbox (20.67633pt too wide) in paragraph at lines 74--75
[]\OT1/cmr/bx/n/10 Multimedia Ser-vices: \OT1/cmr/m/n/10 They in-clude Slidesha
re, Vimeo and YouTube. Slideshare
 []

[5 <C:/Users/i070192/Dropbox/Documents/PhD TelecomParisTech - EURECOM - France 
2012-2015/My PhD Documents/Papers/SNARC An Approach for Aggregating and Recomme
nding Contextualized Social Content/figures/architecture-part2.png>]
<figures/architecture-part3.png, id=27, 408.77719pt x 140.77594pt>
File: figures/architecture-part3.png Graphic file (type png)

<use figures/architecture-part3.png>
Package pdftex.def Info: figures/architecture-part3.png used on input line 82.
(pdftex.def)             Requested size: 327.02219pt x 112.62088pt.
 [6 <C:/Users/i070192/Dropbox/Documents/PhD TelecomParisTech - EURECOM - France
 2012-2015/My PhD Documents/Papers/SNARC An Approach for Aggregating and Recomm
ending Contextualized Social Content/figures/architecture-part3.png>]
<figures/SNARC-annotated.png, id=31, 722.7pt x 542.025pt>
File: figures/SNARC-annotated.png Graphic file (type png)

<use figures/SNARC-annotated.png>
Package pdftex.def Info: figures/SNARC-annotated.png used on input line 97.
(pdftex.def)             Requested size: 325.21199pt x 243.90898pt.


LaTeX Warning: `!h' float specifier changed to `!ht'.

Missing character: There is no â in font cmr10!
Missing character: There is no € in font cmr10!
Missing character: There is no ™ in font cmr10!

("C:\Users\i070192\Dropbox\Documents\PhD TelecomParisTech - EURECOM - France 20
12-2015\My PhD Documents\Papers\SNARC An Approach for Aggregating and Recommend
ing Contextualized Social Content\SNARC.bbl" [7]) [8 <C:/Users/i070192/Dropbox/
Documents/PhD TelecomParisTech - EURECOM - France 2012-2015/My PhD Documents/Pa
pers/SNARC An Approach for Aggregating and Recommending Contextualized Social C
ontent/figures/SNARC-annotated.png>]
("C:\Users\i070192\Dropbox\Documents\PhD TelecomParisTech - EURECOM - France 20
12-2015\My PhD Documents\Papers\SNARC An Approach for Aggregating and Recommend
ing Contextualized Social Content\SNARC.aux") ) 
Here is how much of TeX's memory you used:
 1558 strings out of 493921
 22649 string characters out of 3146474
 82100 words of memory out of 3000000
 4871 multiletter control sequences out of 15000+200000
 7801 words of font info for 28 fonts, out of 3000000 for 9000
 841 hyphenation exceptions out of 8191
 29i,9n,21p,1697b,272s stack positions out of 5000i,500n,10000p,200000b,50000s
<C:/Program Files (x86)/MiKTeX/f
onts/type1/public/amsfonts/cm/cmbx10.pfb><C:/Program Files (x86)/MiKTeX/fonts/t
ype1/public/amsfonts/cm/cmbx12.pfb><C:/Program Files (x86)/MiKTeX/fonts/type1/p
ublic/amsfonts/cm/cmbx9.pfb><C:/Program Files (x86)/MiKTeX/fonts/type1/public/a
msfonts/cm/cmr10.pfb><C:/Program Files (x86)/MiKTeX/fonts/type1/public/amsfonts
/cm/cmr6.pfb><C:/Program Files (x86)/MiKTeX/fonts/type1/public/amsfonts/cm/cmr7
.pfb><C:/Program Files (x86)/MiKTeX/fonts/type1/public/amsfonts/cm/cmr9.pfb><C:
/Program Files (x86)/MiKTeX/fonts/type1/public/amsfonts/cm/cmti9.pfb><C:/Progra
m Files (x86)/MiKTeX/fonts/type1/public/amsfonts/cm/cmtt9.pfb>
Output written on SNARC.pdf (8 pages, 802599 bytes).
PDF statistics:
 71 PDF objects out of 1000 (max. 8388607)
 0 named destinations out of 1000 (max. 500000)
 21 words of extra memory for PDF output out of 10000 (max. 10000000)

