This is pdfTeX, Version 3.1415926-2.4-1.40.13 (MiKTeX 2.9) (preloaded format=pdflatex 2013.6.11)  27 SEP 2013 18:43
entering extended mode
**C:/Users/i070192/Dropbox/Documents/PhD*TelecomParisTech*-*EURECOM*-*France*20
12-2015/My*PhD*Documents/Papers/An*Objective*Linked*Data*Quality*Framework/DQ.t
ex

("C:/Users/i070192/Dropbox/Documents/PhD TelecomParisTech - EURECOM - France 20
12-2015/My PhD Documents/Papers/An Objective Linked Data Quality Framework/DQ.t
ex"
LaTeX2e <2011/06/27>
Babel <v3.8m> and hyphenation patterns for english, afrikaans, ancientgreek, ar
abic, armenian, assamese, basque, bengali, bokmal, bulgarian, catalan, coptic, 
croatian, czech, danish, dutch, esperanto, estonian, farsi, finnish, french, ga
lician, german, german-x-2012-05-30, greek, gujarati, hindi, hungarian, iceland
ic, indonesian, interlingua, irish, italian, kannada, kurmanji, latin, latvian,
 lithuanian, malayalam, marathi, mongolian, mongolianlmc, monogreek, ngerman, n
german-x-2012-05-30, nynorsk, oriya, panjabi, pinyin, polish, portuguese, roman
ian, russian, sanskrit, serbian, slovak, slovenian, spanish, swedish, swissgerm
an, tamil, telugu, turkish, turkmen, ukenglish, ukrainian, uppersorbian, usengl
ishmax, welsh, loaded.

("C:\Users\i070192\Dropbox\Documents\PhD TelecomParisTech - EURECOM - France 20
12-2015\My PhD Documents\Papers\An Objective Linked Data Quality Framework\iosa
rt2c.cls"
Document Class: iosart2c 2010/10/28 v1.0, IOS Press
("C:\Program Files (x86)\MiKTeX\tex\latex\base\fleqn.clo"
File: fleqn.clo 1998/08/17 v1.1c Standard LaTeX option (flush left equations)
\mathindent=\dimen102
)
Ten point
\c@section=\count79
\c@subsection=\count80
\c@subsubsection=\count81
\c@paragraph=\count82
\c@subparagraph=\count83
\c@figure=\count84
\c@table=\count85
\abovecaptionskip=\skip41
\belowcaptionskip=\skip42
\tablewidth=\dimen103
\saved@tablewidth=\dimen104
\c@algorithm=\count86
\t@glob@notes=\toks14
\t@loc@notes=\toks15
\note@cnt=\count87
\c@author=\count88
\n@author=\count89
\c@address=\count90
\sv@mathsurround=\dimen105
\sv@hyphenpenalty=\count91
\prev@elem=\count92
\cur@elem=\count93
\fm@box=\box26
\fm@size=\dimen106
\t@abstract=\box27
\t@keywords=\box28
\a@title@skip=\dimen107
\b@section@skip=\skip43
\b@pretitle@skip=\skip44
\t@xtheight=\dimen108
\c@titlefootnote=\count94
\@@topskip=\dimen109
\b@author@skip=\dimen110
\dp@t@keywords=\dimen111
\@pubyear=\count95
\@copyear=\count96
) ("C:\Program Files (x86)\MiKTeX\tex\latex\graphics\graphicx.sty"
Package: graphicx 1999/02/16 v1.0f Enhanced LaTeX Graphics (DPC,SPQR)

("C:\Program Files (x86)\MiKTeX\tex\latex\graphics\keyval.sty"
Package: keyval 1999/03/16 v1.13 key=value parser (DPC)
\KV@toks@=\toks16
)
("C:\Program Files (x86)\MiKTeX\tex\latex\graphics\graphics.sty"
Package: graphics 2009/02/05 v1.0o Standard LaTeX Graphics (DPC,SPQR)

("C:\Program Files (x86)\MiKTeX\tex\latex\graphics\trig.sty"
Package: trig 1999/03/16 v1.09 sin cos tan (DPC)
)
("C:\Program Files (x86)\MiKTeX\tex\latex\00miktex\graphics.cfg"
File: graphics.cfg 2007/01/18 v1.5 graphics configuration of teTeX/TeXLive
)
Package graphics Info: Driver file: pdftex.def on input line 91.

("C:\Program Files (x86)\MiKTeX\tex\latex\pdftex-def\pdftex.def"
File: pdftex.def 2011/05/27 v0.06d Graphics/color for pdfTeX

("C:\Program Files (x86)\MiKTeX\tex\generic\oberdiek\infwarerr.sty"
Package: infwarerr 2010/04/08 v1.3 Providing info/warning/error messages (HO)
)
("C:\Program Files (x86)\MiKTeX\tex\generic\oberdiek\ltxcmds.sty"
Package: ltxcmds 2011/11/09 v1.22 LaTeX kernel commands for general use (HO)
)
\Gread@gobject=\count97
))
\Gin@req@height=\dimen112
\Gin@req@width=\dimen113
)
("C:\Program Files (x86)\MiKTeX\tex\latex\easylist\easylist.sty"
Package: easylist 2010/02/28 v.1.3 Numbered items with a single command.
\el@CounterTotal=\count98
\el@Scratch=\count99
\el@ControlCounter=\count100
\el@CounterLevel=\count101
\c@List1=\count102
\c@List2=\count103
\c@List3=\count104
\c@List4=\count105
\c@List5=\count106
\c@List6=\count107
\c@List7=\count108
\c@List8=\count109
\c@List9=\count110
\c@List10=\count111
\el@ProgressiveDimension=\dimen114
\el@CounterBox=\box29
\el@ControlBox=\box30
\el@TotalMargin=\dimen115
\el@LeftMove=\dimen116
)
("C:\Program Files (x86)\MiKTeX\tex\latex\amsfonts\amssymb.sty"
Package: amssymb 2013/01/14 v3.01 AMS font symbols

("C:\Program Files (x86)\MiKTeX\tex\latex\amsfonts\amsfonts.sty"
Package: amsfonts 2013/01/14 v3.01 Basic AMSFonts support
\@emptytoks=\toks17
\symAMSa=\mathgroup4
\symAMSb=\mathgroup5
LaTeX Font Info:    Overwriting math alphabet `\mathfrak' in version `bold'
(Font)                  U/euf/m/n --> U/euf/b/n on input line 106.
))
("C:\Program Files (x86)\MiKTeX\tex\latex\graphics\lscape.sty"
Package: lscape 2000/10/22 v3.01 Landscape Pages (DPC)
)
("C:\Program Files (x86)\MiKTeX\tex\latex\multirow\multirow.sty"
\bigstrutjot=\dimen117
)
("C:\Program Files (x86)\MiKTeX\tex\latex\tools\longtable.sty"
Package: longtable 2004/02/01 v4.11 Multi-page Table package (DPC)
\LTleft=\skip45
\LTright=\skip46
\LTpre=\skip47
\LTpost=\skip48
\LTchunksize=\count112
\LTcapwidth=\dimen118
\LT@head=\box31
\LT@firsthead=\box32
\LT@foot=\box33
\LT@lastfoot=\box34
\LT@cols=\count113
\LT@rows=\count114
\c@LT@tables=\count115
\c@LT@chunks=\count116
\LT@p@ftn=\toks18
)
("C:\Users\i070192\Dropbox\Documents\PhD TelecomParisTech - EURECOM - France 20
12-2015\My PhD Documents\Papers\An Objective Linked Data Quality Framework\DQ.a
ux")
LaTeX Font Info:    Checking defaults for OML/cmm/m/it on input line 9.
LaTeX Font Info:    ... okay on input line 9.
LaTeX Font Info:    Checking defaults for T1/cmr/m/n on input line 9.
LaTeX Font Info:    ... okay on input line 9.
LaTeX Font Info:    Checking defaults for OT1/cmr/m/n on input line 9.
LaTeX Font Info:    ... okay on input line 9.
LaTeX Font Info:    Checking defaults for OMS/cmsy/m/n on input line 9.
LaTeX Font Info:    ... okay on input line 9.
LaTeX Font Info:    Checking defaults for OMX/cmex/m/n on input line 9.
LaTeX Font Info:    ... okay on input line 9.
LaTeX Font Info:    Checking defaults for U/cmr/m/n on input line 9.
LaTeX Font Info:    ... okay on input line 9.
 ("C:\Program Files (x86)\MiKTeX\tex\context\base\supp-pdf.mkii"
[Loading MPS to PDF converter (version 2006.09.02).]
\scratchcounter=\count117
\scratchdimen=\dimen119
\scratchbox=\box35
\nofMPsegments=\count118
\nofMParguments=\count119
\everyMPshowfont=\toks19
\MPscratchCnt=\count120
\MPscratchDim=\dimen120
\MPnumerator=\count121
\makeMPintoPDFobject=\count122
\everyMPtoPDFconversion=\toks20
)
\c@sv@footnote=\count123
LaTeX Font Info:    Try loading font information for U+msa on input line 12.
 ("C:\Program Files (x86)\MiKTeX\tex\latex\amsfonts\umsa.fd"
File: umsa.fd 2013/01/14 v3.01 AMS symbols A
)
LaTeX Font Info:    Try loading font information for U+msb on input line 12.

("C:\Program Files (x86)\MiKTeX\tex\latex\amsfonts\umsb.fd"
File: umsb.fd 2013/01/14 v3.01 AMS symbols B
)
Missing character: There is no √ in font cmr10!
Missing character: There is no ´ in font cmr10!
\c@sv@footnote=\count124

Underfull \hbox (badness 10000) has occurred while \output is active
[]
 []


Underfull \hbox (badness 10000) has occurred while \output is active
$[]$
 []

[1{C:/Users/i070192/AppData/Local/MiKTeX/2.9/pdftex/config/pdftex.map}]
Underfull \hbox (badness 10000) in paragraph at lines 40--41

 []


Underfull \hbox (badness 10000) in paragraph at lines 44--45

 []


Underfull \hbox (badness 10000) in paragraph at lines 49--50

 []


Underfull \hbox (badness 10000) in paragraph at lines 53--54

 []

Missing character: There is no ‚ in font cmr10!
Missing character: There is no Ä in font cmr10!
Missing character: There is no ú in font cmr10!
Missing character: There is no ‚ in font cmr10!
Missing character: There is no Ä in font cmr10!
Missing character: There is no ú in font cmr10!

Underfull \hbox (badness 10000) in paragraph at lines 55--56

 []

[2]
Underfull \hbox (badness 10000) in paragraph at lines 58--59

 []


Underfull \hbox (badness 10000) in paragraph at lines 60--61

 []


Underfull \hbox (badness 10000) in paragraph at lines 62--63

 []


Underfull \hbox (badness 10000) in paragraph at lines 65--66

 []


Underfull \hbox (badness 10000) in paragraph at lines 68--69

 []


Underfull \hbox (badness 10000) in paragraph at lines 71--72

 []


Underfull \hbox (badness 10000) in paragraph at lines 74--75

 []

[3]
Underfull \hbox (badness 10000) in paragraph at lines 79--80

 []


Underfull \hbox (badness 10000) in paragraph at lines 86--87

 []


Underfull \hbox (badness 10000) in paragraph at lines 89--93

 []


Underfull \hbox (badness 10000) in paragraph at lines 96--97

 []

[4]
Overfull \hbox (14.79381pt too wide) in paragraph at lines 107--150
 [][] 
 []

[5] [6]
Underfull \hbox (badness 10000) in paragraph at lines 260--261

 []


Underfull \hbox (badness 10000) in paragraph at lines 262--266

 []


LaTeX Warning: `h' float specifier changed to `ht'.


Underfull \hbox (badness 10000) in paragraph at lines 309--312

 []

[7]

LaTeX Warning: `h' float specifier changed to `ht'.

[8]

LaTeX Warning: `h' float specifier changed to `ht'.

[9] [10]
Underfull \hbox (badness 10000) in paragraph at lines 456--457

 []


Underfull \hbox (badness 10000) in paragraph at lines 461--462

 []

[11]
Underfull \hbox (badness 10000) in paragraph at lines 466--467

 []


Underfull \hbox (badness 10000) in paragraph at lines 468--469

 []


Underfull \hbox (badness 10000) in paragraph at lines 470--471

 []


Underfull \hbox (badness 10000) in paragraph at lines 472--473

 []


Underfull \hbox (badness 10000) in paragraph at lines 474--475

 []


Underfull \hbox (badness 10000) in paragraph at lines 476--477

 []

[12]
Underfull \hbox (badness 10000) in paragraph at lines 480--481

 []

[13]
Underfull \vbox (badness 10000) detected at line 544
 []

[14

] [15] [16]
("C:\Users\i070192\Dropbox\Documents\PhD TelecomParisTech - EURECOM - France 20
12-2015\My PhD Documents\Papers\An Objective Linked Data Quality Framework\DQ.b
bl"
Missing character: There is no √ in font cmr8!
Missing character: There is no ° in font cmr8!
Missing character: There is no Ô in font cmr8!
Missing character: There is no ¨ in font cmr8!
Missing character: There is no Å in font cmr8!
Missing character: There is no ‚ in font cmr8!
Missing character: There is no Ä in font cmr8!
Missing character: There is no ì in font cmr8!
Missing character: There is no Ô in font cmr8!
Missing character: There is no ¨ in font cmr8!
Missing character: There is no Å in font cmr8!
 [17

]
Missing character: There is no √ in font cmr8!
Missing character: There is no ≥ in font cmr8!
Missing character: There is no √ in font cmr8!
Missing character: There is no ° in font cmr8!
Missing character: There is no √ in font cmr8!
Missing character: There is no ≥ in font cmr8!
Missing character: There is no √ in font cmr8!
Missing character: There is no © in font cmr8!
Missing character: There is no √ in font cmr8!
Missing character: There is no ∂ in font cmr8!
Missing character: There is no ‚ in font cmr8!
Missing character: There is no Ä in font cmr8!
Missing character: There is no ô in font cmr8!
) [18]
("C:\Users\i070192\Dropbox\Documents\PhD TelecomParisTech - EURECOM - France 20
12-2015\My PhD Documents\Papers\An Objective Linked Data Quality Framework\DQ.a
ux") ) 
Here is how much of TeX's memory you used:
 2209 strings out of 493921
 28118 string characters out of 3146474
 100663 words of memory out of 3000000
 5504 multiletter control sequences out of 15000+200000
 16602 words of font info for 64 fonts, out of 3000000 for 9000
 841 hyphenation exceptions out of 8191
 27i,10n,26p,2921b,282s stack positions out of 5000i,500n,10000p,200000b,50000s
<C:/Program Files (x86)/MiKTeX/fonts/type1/public/amsfonts/cm/cmb10.pfb><
C:/Program Files (x86)/MiKTeX/fonts/type1/public/amsfonts/cm/cmr10.pfb><C:/Prog
ram Files (x86)/MiKTeX/fonts/type1/public/amsfonts/cm/cmr17.pfb><C:/Program Fil
es (x86)/MiKTeX/fonts/type1/public/amsfonts/cm/cmr6.pfb><C:/Program Files (x86)
/MiKTeX/fonts/type1/public/amsfonts/cm/cmr7.pfb><C:/Program Files (x86)/MiKTeX/
fonts/type1/public/amsfonts/cm/cmr8.pfb><C:/Program Files (x86)/MiKTeX/fonts/ty
pe1/public/amsfonts/cm/cmr9.pfb><C:/Program Files (x86)/MiKTeX/fonts/type1/publ
ic/amsfonts/cm/cmti10.pfb><C:/Program Files (x86)/MiKTeX/fonts/type1/public/ams
fonts/cm/cmti8.pfb><C:/Program Files (x86)/MiKTeX/fonts/type1/public/amsfonts/s
ymbols/msam7.pfb>
Output written on DQ.pdf (18 pages, 222806 bytes).
PDF statistics:
 100 PDF objects out of 1000 (max. 8388607)
 0 named destinations out of 1000 (max. 500000)
 1 words of extra memory for PDF output out of 10000 (max. 10000000)

