This is pdfTeX, Version 3.1415926-2.4-1.40.13 (MiKTeX 2.9) (preloaded format=pdflatex 2013.6.11)  4 OCT 2013 15:09
entering extended mode
**C:/Users/i070192/Dropbox/Documents/PhD*TelecomParisTech*-*EURECOM*-*France*20
12-2015/My*PhD*Documents/Papers/An*Objective*Assessment*Framework*for*Linked*Da
ta*Quality/DQ.tex

("C:/Users/i070192/Dropbox/Documents/PhD TelecomParisTech - EURECOM - France 20
12-2015/My PhD Documents/Papers/An Objective Assessment Framework for Linked Da
ta Quality/DQ.tex"
LaTeX2e <2011/06/27>
Babel <v3.8m> and hyphenation patterns for english, afrikaans, ancientgreek, ar
abic, armenian, assamese, basque, bengali, bokmal, bulgarian, catalan, coptic, 
croatian, czech, danish, dutch, esperanto, estonian, farsi, finnish, french, ga
lician, german, german-x-2012-05-30, greek, gujarati, hindi, hungarian, iceland
ic, indonesian, interlingua, irish, italian, kannada, kurmanji, latin, latvian,
 lithuanian, malayalam, marathi, mongolian, mongolianlmc, monogreek, ngerman, n
german-x-2012-05-30, nynorsk, oriya, panjabi, pinyin, polish, portuguese, roman
ian, russian, sanskrit, serbian, slovak, slovenian, spanish, swedish, swissgerm
an, tamil, telugu, turkish, turkmen, ukenglish, ukrainian, uppersorbian, usengl
ishmax, welsh, loaded.

("C:\Users\i070192\Dropbox\Documents\PhD TelecomParisTech - EURECOM - France 20
12-2015\My PhD Documents\Papers\An Objective Assessment Framework for Linked Da
ta Quality\iosart2c.cls"
Document Class: iosart2c 2010/10/28 v1.0, IOS Press
("C:\Program Files (x86)\MiKTeX\tex\latex\base\fleqn.clo"
File: fleqn.clo 1998/08/17 v1.1c Standard LaTeX option (flush left equations)
\mathindent=\dimen102
)
Ten point
\c@section=\count79
\c@subsection=\count80
\c@subsubsection=\count81
\c@paragraph=\count82
\c@subparagraph=\count83
\c@figure=\count84
\c@table=\count85
\abovecaptionskip=\skip41
\belowcaptionskip=\skip42
\tablewidth=\dimen103
\saved@tablewidth=\dimen104
\c@algorithm=\count86
\t@glob@notes=\toks14
\t@loc@notes=\toks15
\note@cnt=\count87
\c@author=\count88
\n@author=\count89
\c@address=\count90
\sv@mathsurround=\dimen105
\sv@hyphenpenalty=\count91
\prev@elem=\count92
\cur@elem=\count93
\fm@box=\box26
\fm@size=\dimen106
\t@abstract=\box27
\t@keywords=\box28
\a@title@skip=\dimen107
\b@section@skip=\skip43
\b@pretitle@skip=\skip44
\t@xtheight=\dimen108
\c@titlefootnote=\count94
\@@topskip=\dimen109
\b@author@skip=\dimen110
\dp@t@keywords=\dimen111
\@pubyear=\count95
\@copyear=\count96
) ("C:\Program Files (x86)\MiKTeX\tex\latex\graphics\graphicx.sty"
Package: graphicx 1999/02/16 v1.0f Enhanced LaTeX Graphics (DPC,SPQR)

("C:\Program Files (x86)\MiKTeX\tex\latex\graphics\keyval.sty"
Package: keyval 1999/03/16 v1.13 key=value parser (DPC)
\KV@toks@=\toks16
)
("C:\Program Files (x86)\MiKTeX\tex\latex\graphics\graphics.sty"
Package: graphics 2009/02/05 v1.0o Standard LaTeX Graphics (DPC,SPQR)

("C:\Program Files (x86)\MiKTeX\tex\latex\graphics\trig.sty"
Package: trig 1999/03/16 v1.09 sin cos tan (DPC)
)
("C:\Program Files (x86)\MiKTeX\tex\latex\00miktex\graphics.cfg"
File: graphics.cfg 2007/01/18 v1.5 graphics configuration of teTeX/TeXLive
)
Package graphics Info: Driver file: pdftex.def on input line 91.

("C:\Program Files (x86)\MiKTeX\tex\latex\pdftex-def\pdftex.def"
File: pdftex.def 2011/05/27 v0.06d Graphics/color for pdfTeX

("C:\Program Files (x86)\MiKTeX\tex\generic\oberdiek\infwarerr.sty"
Package: infwarerr 2010/04/08 v1.3 Providing info/warning/error messages (HO)
)
("C:\Program Files (x86)\MiKTeX\tex\generic\oberdiek\ltxcmds.sty"
Package: ltxcmds 2011/11/09 v1.22 LaTeX kernel commands for general use (HO)
)
\Gread@gobject=\count97
))
\Gin@req@height=\dimen112
\Gin@req@width=\dimen113
)
("C:\Program Files (x86)\MiKTeX\tex\latex\easylist\easylist.sty"
Package: easylist 2010/02/28 v.1.3 Numbered items with a single command.
\el@CounterTotal=\count98
\el@Scratch=\count99
\el@ControlCounter=\count100
\el@CounterLevel=\count101
\c@List1=\count102
\c@List2=\count103
\c@List3=\count104
\c@List4=\count105
\c@List5=\count106
\c@List6=\count107
\c@List7=\count108
\c@List8=\count109
\c@List9=\count110
\c@List10=\count111
\el@ProgressiveDimension=\dimen114
\el@CounterBox=\box29
\el@ControlBox=\box30
\el@TotalMargin=\dimen115
\el@LeftMove=\dimen116
)
("C:\Program Files (x86)\MiKTeX\tex\latex\amsfonts\amssymb.sty"
Package: amssymb 2013/01/14 v3.01 AMS font symbols

("C:\Program Files (x86)\MiKTeX\tex\latex\amsfonts\amsfonts.sty"
Package: amsfonts 2013/01/14 v3.01 Basic AMSFonts support
\@emptytoks=\toks17
\symAMSa=\mathgroup4
\symAMSb=\mathgroup5
LaTeX Font Info:    Overwriting math alphabet `\mathfrak' in version `bold'
(Font)                  U/euf/m/n --> U/euf/b/n on input line 106.
))
("C:\Program Files (x86)\MiKTeX\tex\latex\graphics\lscape.sty"
Package: lscape 2000/10/22 v3.01 Landscape Pages (DPC)
)
("C:\Program Files (x86)\MiKTeX\tex\latex\multirow\multirow.sty"
\bigstrutjot=\dimen117
)
("C:\Program Files (x86)\MiKTeX\tex\latex\tools\longtable.sty"
Package: longtable 2004/02/01 v4.11 Multi-page Table package (DPC)
\LTleft=\skip45
\LTright=\skip46
\LTpre=\skip47
\LTpost=\skip48
\LTchunksize=\count112
\LTcapwidth=\dimen118
\LT@head=\box31
\LT@firsthead=\box32
\LT@foot=\box33
\LT@lastfoot=\box34
\LT@cols=\count113
\LT@rows=\count114
\c@LT@tables=\count115
\c@LT@chunks=\count116
\LT@p@ftn=\toks18
)
("C:\Program Files (x86)\MiKTeX\tex\latex\pgf\frontendlayer\tikz.sty"
("C:\Program Files (x86)\MiKTeX\tex\latex\pgf\basiclayer\pgf.sty"
("C:\Program Files (x86)\MiKTeX\tex\latex\pgf\utilities\pgfrcs.sty"
("C:\Program Files (x86)\MiKTeX\tex\generic\pgf\utilities\pgfutil-common.tex"
\pgfutil@everybye=\toks19
)
("C:\Program Files (x86)\MiKTeX\tex\generic\pgf\utilities\pgfutil-latex.def"
\pgfutil@abb=\box35

("C:\Program Files (x86)\MiKTeX\tex\latex\ms\everyshi.sty"
Package: everyshi 2001/05/15 v3.00 EveryShipout Package (MS)
))
("C:\Program Files (x86)\MiKTeX\tex\generic\pgf\utilities\pgfrcs.code.tex"
Package: pgfrcs 2010/10/25 v2.10 (rcs-revision 1.24)
))
Package: pgf 2008/01/15 v2.10 (rcs-revision 1.12)

("C:\Program Files (x86)\MiKTeX\tex\latex\pgf\basiclayer\pgfcore.sty"
("C:\Program Files (x86)\MiKTeX\tex\latex\pgf\systemlayer\pgfsys.sty"
("C:\Program Files (x86)\MiKTeX\tex\generic\pgf\systemlayer\pgfsys.code.tex"
Package: pgfsys 2010/06/30 v2.10 (rcs-revision 1.37)

("C:\Program Files (x86)\MiKTeX\tex\generic\pgf\utilities\pgfkeys.code.tex"
\pgfkeys@pathtoks=\toks20
\pgfkeys@temptoks=\toks21

("C:\Program Files (x86)\MiKTeX\tex\generic\pgf\utilities\pgfkeysfiltered.code.
tex"
\pgfkeys@tmptoks=\toks22
))
\pgf@x=\dimen119
\pgf@y=\dimen120
\pgf@xa=\dimen121
\pgf@ya=\dimen122
\pgf@xb=\dimen123
\pgf@yb=\dimen124
\pgf@xc=\dimen125
\pgf@yc=\dimen126
\w@pgf@writea=\write3
\r@pgf@reada=\read1
\c@pgf@counta=\count117
\c@pgf@countb=\count118
\c@pgf@countc=\count119
\c@pgf@countd=\count120
 ("C:\Program Files (x86)\MiKTeX\tex\generic\pgf\systemlayer\pgf.cfg"
File: pgf.cfg 2008/05/14  (rcs-revision 1.7)
)
Package pgfsys Info: Driver file for pgf: pgfsys-pdftex.def on input line 900.

("C:\Program Files (x86)\MiKTeX\tex\generic\pgf\systemlayer\pgfsys-pdftex.def"
File: pgfsys-pdftex.def 2009/05/22  (rcs-revision 1.26)

("C:\Program Files (x86)\MiKTeX\tex\generic\pgf\systemlayer\pgfsys-common-pdf.d
ef"
File: pgfsys-common-pdf.def 2008/05/19  (rcs-revision 1.10)
)))
("C:\Program Files (x86)\MiKTeX\tex\generic\pgf\systemlayer\pgfsyssoftpath.code
.tex"
File: pgfsyssoftpath.code.tex 2008/07/18  (rcs-revision 1.7)
\pgfsyssoftpath@smallbuffer@items=\count121
\pgfsyssoftpath@bigbuffer@items=\count122
)
("C:\Program Files (x86)\MiKTeX\tex\generic\pgf\systemlayer\pgfsysprotocol.code
.tex"
File: pgfsysprotocol.code.tex 2006/10/16  (rcs-revision 1.4)
)) ("C:\Program Files (x86)\MiKTeX\tex\latex\xcolor\xcolor.sty"
Package: xcolor 2007/01/21 v2.11 LaTeX color extensions (UK)

("C:\Program Files (x86)\MiKTeX\tex\latex\00miktex\color.cfg"
File: color.cfg 2007/01/18 v1.5 color configuration of teTeX/TeXLive
)
Package xcolor Info: Driver file: pdftex.def on input line 225.
Package xcolor Info: Model `cmy' substituted by `cmy0' on input line 1337.
Package xcolor Info: Model `hsb' substituted by `rgb' on input line 1341.
Package xcolor Info: Model `RGB' extended on input line 1353.
Package xcolor Info: Model `HTML' substituted by `rgb' on input line 1355.
Package xcolor Info: Model `Hsb' substituted by `hsb' on input line 1356.
Package xcolor Info: Model `tHsb' substituted by `hsb' on input line 1357.
Package xcolor Info: Model `HSB' substituted by `hsb' on input line 1358.
Package xcolor Info: Model `Gray' substituted by `gray' on input line 1359.
Package xcolor Info: Model `wave' substituted by `hsb' on input line 1360.
)
("C:\Program Files (x86)\MiKTeX\tex\generic\pgf\basiclayer\pgfcore.code.tex"
Package: pgfcore 2010/04/11 v2.10 (rcs-revision 1.7)

("C:\Program Files (x86)\MiKTeX\tex\generic\pgf\math\pgfmath.code.tex"
("C:\Program Files (x86)\MiKTeX\tex\generic\pgf\math\pgfmathcalc.code.tex"
("C:\Program Files (x86)\MiKTeX\tex\generic\pgf\math\pgfmathutil.code.tex")
("C:\Program Files (x86)\MiKTeX\tex\generic\pgf\math\pgfmathparser.code.tex"
\pgfmath@dimen=\dimen127
\pgfmath@count=\count123
\pgfmath@box=\box36
\pgfmath@toks=\toks23
\pgfmath@stack@operand=\toks24
\pgfmath@stack@operation=\toks25
)
("C:\Program Files (x86)\MiKTeX\tex\generic\pgf\math\pgfmathfunctions.code.tex"

("C:\Program Files (x86)\MiKTeX\tex\generic\pgf\math\pgfmathfunctions.basic.cod
e.tex")
("C:\Program Files (x86)\MiKTeX\tex\generic\pgf\math\pgfmathfunctions.trigonome
tric.code.tex")
("C:\Program Files (x86)\MiKTeX\tex\generic\pgf\math\pgfmathfunctions.random.co
de.tex")
("C:\Program Files (x86)\MiKTeX\tex\generic\pgf\math\pgfmathfunctions.compariso
n.code.tex")
("C:\Program Files (x86)\MiKTeX\tex\generic\pgf\math\pgfmathfunctions.base.code
.tex")
("C:\Program Files (x86)\MiKTeX\tex\generic\pgf\math\pgfmathfunctions.round.cod
e.tex")
("C:\Program Files (x86)\MiKTeX\tex\generic\pgf\math\pgfmathfunctions.misc.code
.tex")))
("C:\Program Files (x86)\MiKTeX\tex\generic\pgf\math\pgfmathfloat.code.tex"
\c@pgfmathroundto@lastzeros=\count124
))
("C:\Program Files (x86)\MiKTeX\tex\generic\pgf\basiclayer\pgfcorepoints.code.t
ex"
File: pgfcorepoints.code.tex 2010/04/09  (rcs-revision 1.20)
\pgf@picminx=\dimen128
\pgf@picmaxx=\dimen129
\pgf@picminy=\dimen130
\pgf@picmaxy=\dimen131
\pgf@pathminx=\dimen132
\pgf@pathmaxx=\dimen133
\pgf@pathminy=\dimen134
\pgf@pathmaxy=\dimen135
\pgf@xx=\dimen136
\pgf@xy=\dimen137
\pgf@yx=\dimen138
\pgf@yy=\dimen139
\pgf@zx=\dimen140
\pgf@zy=\dimen141
)
("C:\Program Files (x86)\MiKTeX\tex\generic\pgf\basiclayer\pgfcorepathconstruct
.code.tex"
File: pgfcorepathconstruct.code.tex 2010/08/03  (rcs-revision 1.24)
\pgf@path@lastx=\dimen142
\pgf@path@lasty=\dimen143
)
("C:\Program Files (x86)\MiKTeX\tex\generic\pgf\basiclayer\pgfcorepathusage.cod
e.tex"
File: pgfcorepathusage.code.tex 2008/04/22  (rcs-revision 1.12)
\pgf@shorten@end@additional=\dimen144
\pgf@shorten@start@additional=\dimen145
)
("C:\Program Files (x86)\MiKTeX\tex\generic\pgf\basiclayer\pgfcorescopes.code.t
ex"
File: pgfcorescopes.code.tex 2010/09/08  (rcs-revision 1.34)
\pgfpic=\box37
\pgf@hbox=\box38
\pgf@layerbox@main=\box39
\pgf@picture@serial@count=\count125
)
("C:\Program Files (x86)\MiKTeX\tex\generic\pgf\basiclayer\pgfcoregraphicstate.
code.tex"
File: pgfcoregraphicstate.code.tex 2008/04/22  (rcs-revision 1.9)
\pgflinewidth=\dimen146
)
("C:\Program Files (x86)\MiKTeX\tex\generic\pgf\basiclayer\pgfcoretransformatio
ns.code.tex"
File: pgfcoretransformations.code.tex 2009/06/10  (rcs-revision 1.11)
\pgf@pt@x=\dimen147
\pgf@pt@y=\dimen148
\pgf@pt@temp=\dimen149
)
("C:\Program Files (x86)\MiKTeX\tex\generic\pgf\basiclayer\pgfcorequick.code.te
x"
File: pgfcorequick.code.tex 2008/10/09  (rcs-revision 1.3)
)
("C:\Program Files (x86)\MiKTeX\tex\generic\pgf\basiclayer\pgfcoreobjects.code.
tex"
File: pgfcoreobjects.code.tex 2006/10/11  (rcs-revision 1.2)
)
("C:\Program Files (x86)\MiKTeX\tex\generic\pgf\basiclayer\pgfcorepathprocessin
g.code.tex"
File: pgfcorepathprocessing.code.tex 2008/10/09  (rcs-revision 1.8)
)
("C:\Program Files (x86)\MiKTeX\tex\generic\pgf\basiclayer\pgfcorearrows.code.t
ex"
File: pgfcorearrows.code.tex 2008/04/23  (rcs-revision 1.11)
)
("C:\Program Files (x86)\MiKTeX\tex\generic\pgf\basiclayer\pgfcoreshade.code.te
x"
File: pgfcoreshade.code.tex 2008/11/23  (rcs-revision 1.13)
\pgf@max=\dimen150
\pgf@sys@shading@range@num=\count126
)
("C:\Program Files (x86)\MiKTeX\tex\generic\pgf\basiclayer\pgfcoreimage.code.te
x"
File: pgfcoreimage.code.tex 2010/03/25  (rcs-revision 1.16)

("C:\Program Files (x86)\MiKTeX\tex\generic\pgf\basiclayer\pgfcoreexternal.code
.tex"
File: pgfcoreexternal.code.tex 2010/09/01  (rcs-revision 1.17)
\pgfexternal@startupbox=\box40
))
("C:\Program Files (x86)\MiKTeX\tex\generic\pgf\basiclayer\pgfcorelayers.code.t
ex"
File: pgfcorelayers.code.tex 2010/08/27  (rcs-revision 1.2)
)
("C:\Program Files (x86)\MiKTeX\tex\generic\pgf\basiclayer\pgfcoretransparency.
code.tex"
File: pgfcoretransparency.code.tex 2008/01/17  (rcs-revision 1.2)
)
("C:\Program Files (x86)\MiKTeX\tex\generic\pgf\basiclayer\pgfcorepatterns.code
.tex"
File: pgfcorepatterns.code.tex 2009/07/02  (rcs-revision 1.3)
)))
("C:\Program Files (x86)\MiKTeX\tex\generic\pgf\modules\pgfmoduleshapes.code.te
x"
File: pgfmoduleshapes.code.tex 2010/09/09  (rcs-revision 1.13)
\pgfnodeparttextbox=\box41
)
("C:\Program Files (x86)\MiKTeX\tex\generic\pgf\modules\pgfmoduleplot.code.tex"
File: pgfmoduleplot.code.tex 2010/10/22  (rcs-revision 1.8)
)
("C:\Program Files (x86)\MiKTeX\tex\latex\pgf\compatibility\pgfcomp-version-0-6
5.sty"
Package: pgfcomp-version-0-65 2007/07/03 v2.10 (rcs-revision 1.7)
\pgf@nodesepstart=\dimen151
\pgf@nodesepend=\dimen152
)
("C:\Program Files (x86)\MiKTeX\tex\latex\pgf\compatibility\pgfcomp-version-1-1
8.sty"
Package: pgfcomp-version-1-18 2007/07/23 v2.10 (rcs-revision 1.1)
)) ("C:\Program Files (x86)\MiKTeX\tex\latex\pgf\utilities\pgffor.sty"
("C:\Program Files (x86)\MiKTeX\tex\latex\pgf\utilities\pgfkeys.sty"
("C:\Program Files (x86)\MiKTeX\tex\generic\pgf\utilities\pgfkeys.code.tex"))
("C:\Program Files (x86)\MiKTeX\tex\generic\pgf\utilities\pgffor.code.tex"
Package: pgffor 2010/03/23 v2.10 (rcs-revision 1.18)
\pgffor@iter=\dimen153
\pgffor@skip=\dimen154
\pgffor@stack=\toks26
\pgffor@toks=\toks27
))
("C:\Program Files (x86)\MiKTeX\tex\generic\pgf\frontendlayer\tikz\tikz.code.te
x"
Package: tikz 2010/10/13 v2.10 (rcs-revision 1.76)

("C:\Program Files (x86)\MiKTeX\tex\generic\pgf\libraries\pgflibraryplothandler
s.code.tex"
File: pgflibraryplothandlers.code.tex 2010/05/31 v2.10 (rcs-revision 1.15)
\pgf@plot@mark@count=\count127
\pgfplotmarksize=\dimen155
)
\tikz@lastx=\dimen156
\tikz@lasty=\dimen157
\tikz@lastxsaved=\dimen158
\tikz@lastysaved=\dimen159
\tikzleveldistance=\dimen160
\tikzsiblingdistance=\dimen161
\tikz@figbox=\box42
\tikz@tempbox=\box43
\tikztreelevel=\count128
\tikznumberofchildren=\count129
\tikznumberofcurrentchild=\count130
\tikz@fig@count=\count131

("C:\Program Files (x86)\MiKTeX\tex\generic\pgf\modules\pgfmodulematrix.code.te
x"
File: pgfmodulematrix.code.tex 2010/08/24  (rcs-revision 1.4)
\pgfmatrixcurrentrow=\count132
\pgfmatrixcurrentcolumn=\count133
\pgf@matrix@numberofcolumns=\count134
)
\tikz@expandcount=\count135

("C:\Program Files (x86)\MiKTeX\tex\generic\pgf\frontendlayer\tikz\libraries\ti
kzlibrarytopaths.code.tex"
File: tikzlibrarytopaths.code.tex 2008/06/17 v2.10 (rcs-revision 1.2)
)))
("C:\Program Files (x86)\MiKTeX\tex\latex\tools\array.sty"
Package: array 2008/09/09 v2.4c Tabular extension package (FMi)
\col@sep=\dimen162
\extrarowheight=\dimen163
\NC@list=\toks28
\extratabsurround=\skip49
\backup@length=\skip50
)
("C:\Program Files (x86)\MiKTeX\tex\latex\booktabs\booktabs.sty"
Package: booktabs 2005/04/14 v1.61803 publication quality tables
\heavyrulewidth=\dimen164
\lightrulewidth=\dimen165
\cmidrulewidth=\dimen166
\belowrulesep=\dimen167
\belowbottomsep=\dimen168
\aboverulesep=\dimen169
\abovetopsep=\dimen170
\cmidrulesep=\dimen171
\cmidrulekern=\dimen172
\defaultaddspace=\dimen173
\@cmidla=\count136
\@cmidlb=\count137
\@aboverulesep=\dimen174
\@belowrulesep=\dimen175
\@thisruleclass=\count138
\@lastruleclass=\count139
\@thisrulewidth=\dimen176
)
("C:\Program Files (x86)\MiKTeX\tex\latex\rotating\rotating.sty"
Package: rotating 2009/03/28 v2.16a rotated objects in LaTeX

("C:\Program Files (x86)\MiKTeX\tex\latex\base\ifthen.sty"
Package: ifthen 2001/05/26 v1.1c Standard LaTeX ifthen package (DPC)
)
\c@r@tfl@t=\count140
\rotFPtop=\skip51
\rotFPbot=\skip52
\rot@float@box=\box44
\rot@mess@toks=\toks29
)
("C:\Users\i070192\Dropbox\Documents\PhD TelecomParisTech - EURECOM - France 20
12-2015\My PhD Documents\Papers\An Objective Assessment Framework for Linked Da
ta Quality\DQ.aux")
LaTeX Font Info:    Checking defaults for OML/cmm/m/it on input line 14.
LaTeX Font Info:    ... okay on input line 14.
LaTeX Font Info:    Checking defaults for T1/cmr/m/n on input line 14.
LaTeX Font Info:    ... okay on input line 14.
LaTeX Font Info:    Checking defaults for OT1/cmr/m/n on input line 14.
LaTeX Font Info:    ... okay on input line 14.
LaTeX Font Info:    Checking defaults for OMS/cmsy/m/n on input line 14.
LaTeX Font Info:    ... okay on input line 14.
LaTeX Font Info:    Checking defaults for OMX/cmex/m/n on input line 14.
LaTeX Font Info:    ... okay on input line 14.
LaTeX Font Info:    Checking defaults for U/cmr/m/n on input line 14.
LaTeX Font Info:    ... okay on input line 14.

("C:\Program Files (x86)\MiKTeX\tex\context\base\supp-pdf.mkii"
[Loading MPS to PDF converter (version 2006.09.02).]
\scratchcounter=\count141
\scratchdimen=\dimen177
\scratchbox=\box45
\nofMPsegments=\count142
\nofMParguments=\count143
\everyMPshowfont=\toks30
\MPscratchCnt=\count144
\MPscratchDim=\dimen178
\MPnumerator=\count145
\makeMPintoPDFobject=\count146
\everyMPtoPDFconversion=\toks31
) ABD: EveryShipout initializing macros
\c@sv@footnote=\count147
LaTeX Font Info:    Try loading font information for U+msa on input line 17.

("C:\Program Files (x86)\MiKTeX\tex\latex\amsfonts\umsa.fd"
File: umsa.fd 2013/01/14 v3.01 AMS symbols A
)
LaTeX Font Info:    Try loading font information for U+msb on input line 17.

("C:\Program Files (x86)\MiKTeX\tex\latex\amsfonts\umsb.fd"
File: umsb.fd 2013/01/14 v3.01 AMS symbols B
)
Missing character: There is no √ in font cmr10!
Missing character: There is no ´ in font cmr10!
\c@sv@footnote=\count148

Underfull \hbox (badness 10000) has occurred while \output is active
[]
 []


Underfull \hbox (badness 10000) has occurred while \output is active
$[]$
 []

[1{C:/Users/i070192/AppData/Local/MiKTeX/2.9/pdftex/config/pdftex.map}]
Underfull \hbox (badness 10000) in paragraph at lines 45--46

 []


Underfull \hbox (badness 10000) in paragraph at lines 49--50

 []


Underfull \hbox (badness 10000) in paragraph at lines 54--55

 []


Underfull \hbox (badness 10000) in paragraph at lines 58--59

 []

Missing character: There is no ‚ in font cmr10!
Missing character: There is no Ä in font cmr10!
Missing character: There is no ú in font cmr10!
Missing character: There is no ‚ in font cmr10!
Missing character: There is no Ä in font cmr10!
Missing character: There is no ú in font cmr10!

Underfull \hbox (badness 10000) in paragraph at lines 60--61

 []

[2]
Underfull \hbox (badness 10000) in paragraph at lines 63--64

 []


Underfull \hbox (badness 10000) in paragraph at lines 65--66

 []


Underfull \hbox (badness 10000) in paragraph at lines 67--68

 []


Underfull \hbox (badness 10000) in paragraph at lines 70--71

 []


Underfull \hbox (badness 10000) in paragraph at lines 73--74

 []


Underfull \hbox (badness 10000) in paragraph at lines 76--77

 []


Underfull \hbox (badness 10000) in paragraph at lines 79--80

 []

[3]
Underfull \hbox (badness 10000) in paragraph at lines 84--85

 []


Underfull \hbox (badness 10000) in paragraph at lines 86--87

 []


Underfull \hbox (badness 10000) in paragraph at lines 93--94

 []


Underfull \hbox (badness 10000) in paragraph at lines 96--100

 []


Underfull \hbox (badness 10000) in paragraph at lines 103--104

 []


Underfull \hbox (badness 10000) in paragraph at lines 106--107

 []

[4] [5]
Underfull \hbox (badness 10000) in paragraph at lines 132--133

 []


Underfull \hbox (badness 10000) in paragraph at lines 134--138

 []


Underfull \hbox (badness 10000) in paragraph at lines 153--156

 []

[6] [7] [8

] [9]
Underfull \hbox (badness 10000) in paragraph at lines 383--384

 []


Underfull \hbox (badness 10000) in paragraph at lines 393--394

 []

[10

]
Underfull \hbox (badness 10000) in paragraph at lines 398--399

 []


Underfull \hbox (badness 10000) in paragraph at lines 403--404

 []


Underfull \hbox (badness 10000) in paragraph at lines 405--406

 []

[11]
Underfull \hbox (badness 10000) in paragraph at lines 407--408

 []


Underfull \hbox (badness 10000) in paragraph at lines 409--410

 []


Underfull \hbox (badness 10000) in paragraph at lines 411--412

 []


Underfull \hbox (badness 10000) in paragraph at lines 413--414

 []


Underfull \hbox (badness 10000) in paragraph at lines 417--418

 []


Underfull \hbox (badness 10000) in paragraph at lines 420--421

 []

[12]
Underfull \vbox (badness 10000) detected at line 487
 []

[13]
Underfull \vbox (badness 10000) has occurred while \output is active []

 [14]
Underfull \hbox (badness 10000) in paragraph at lines 609--610

 []


Underfull \hbox (badness 10000) in paragraph at lines 611--612

 []


("C:\Users\i070192\Dropbox\Documents\PhD TelecomParisTech - EURECOM - France 20
12-2015\My PhD Documents\Papers\An Objective Assessment Framework for Linked Da
ta Quality\DQ.bbl"
Missing character: There is no √ in font cmr8!
Missing character: There is no ° in font cmr8!
Missing character: There is no Ô in font cmr8!
Missing character: There is no ¨ in font cmr8!
Missing character: There is no Å in font cmr8!
 [15]
Missing character: There is no ‚ in font cmr8!
Missing character: There is no Ä in font cmr8!
Missing character: There is no ì in font cmr8!
Missing character: There is no Ô in font cmr8!
Missing character: There is no ¨ in font cmr8!
Missing character: There is no Å in font cmr8!
Missing character: There is no √ in font cmr8!
Missing character: There is no ≥ in font cmr8!
Missing character: There is no √ in font cmr8!
Missing character: There is no ° in font cmr8!
Missing character: There is no √ in font cmr8!
Missing character: There is no ≥ in font cmr8!
Missing character: There is no √ in font cmr8!
Missing character: There is no © in font cmr8!
Missing character: There is no √ in font cmr8!
Missing character: There is no ∂ in font cmr8!
Missing character: There is no ‚ in font cmr8!
Missing character: There is no Ä in font cmr8!
Missing character: There is no ô in font cmr8!
 [16]) [17]
("C:\Users\i070192\Dropbox\Documents\PhD TelecomParisTech - EURECOM - France 20
12-2015\My PhD Documents\Papers\An Objective Assessment Framework for Linked Da
ta Quality\DQ.aux") ) 
Here is how much of TeX's memory you used:
 10688 strings out of 493921
 197198 string characters out of 3146474
 343362 words of memory out of 3000000
 13776 multiletter control sequences out of 15000+200000
 16912 words of font info for 65 fonts, out of 3000000 for 9000
 841 hyphenation exceptions out of 8191
 56i,7n,55p,2936b,500s stack positions out of 5000i,500n,10000p,200000b,50000s
<C:/Program Files (x86)/MiKTeX/fonts/type1/public/amsfonts
/cm/cmb10.pfb><C:/Program Files (x86)/MiKTeX/fonts/type1/public/amsfonts/cm/cmr
10.pfb><C:/Program Files (x86)/MiKTeX/fonts/type1/public/amsfonts/cm/cmr17.pfb>
<C:/Program Files (x86)/MiKTeX/fonts/type1/public/amsfonts/cm/cmr6.pfb><C:/Prog
ram Files (x86)/MiKTeX/fonts/type1/public/amsfonts/cm/cmr7.pfb><C:/Program File
s (x86)/MiKTeX/fonts/type1/public/amsfonts/cm/cmr8.pfb><C:/Program Files (x86)/
MiKTeX/fonts/type1/public/amsfonts/cm/cmr9.pfb><C:/Program Files (x86)/MiKTeX/f
onts/type1/public/amsfonts/cm/cmti10.pfb><C:/Program Files (x86)/MiKTeX/fonts/t
ype1/public/amsfonts/cm/cmti8.pfb><C:/Program Files (x86)/MiKTeX/fonts/type1/pu
blic/amsfonts/symbols/msam7.pfb>
Output written on DQ.pdf (17 pages, 228965 bytes).
PDF statistics:
 100 PDF objects out of 1000 (max. 8388607)
 0 named destinations out of 1000 (max. 500000)
 13 words of extra memory for PDF output out of 10000 (max. 10000000)

