\BOOKMARK [1][]{Doc-Start}{Acknowledgements}{}% 1
\BOOKMARK [1][]{chapter*.1}{Abstract}{}% 2
\BOOKMARK [1][]{chapter*.2}{Contents}{}% 3
\BOOKMARK [1][]{chapter*.3}{List of Figures}{}% 4
\BOOKMARK [1][]{chapter*.4}{List of Tables}{}% 5
\BOOKMARK [1][]{chapter*.5}{Acronyms}{}% 6
\BOOKMARK [0][]{chapter.1}{Introduction}{}% 7
\BOOKMARK [1][]{section.1.1}{Context and Motivation}{chapter.1}% 8
\BOOKMARK [2][]{subsection.1.1.1}{Data Reconciliation}{section.1.1}% 9
\BOOKMARK [2][]{subsection.1.1.2}{Personalization}{section.1.1}% 10
\BOOKMARK [1][]{section.1.2}{Thesis Contributions}{chapter.1}% 11
\BOOKMARK [1][]{section.1.3}{Thesis Outline}{chapter.1}% 12
\BOOKMARK [0][]{chapter.2}{Background}{}% 13
\BOOKMARK [1][]{section.2.1}{Events on the Web}{chapter.2}% 14
\BOOKMARK [2][]{subsection.2.1.1}{Event Definition}{section.2.1}% 15
\BOOKMARK [2][]{subsection.2.1.2}{Social Websites}{section.2.1}% 16
\BOOKMARK [2][]{subsection.2.1.3}{Exploratory User Study}{section.2.1}% 17
\BOOKMARK [1][]{section.2.2}{Events in Research}{chapter.2}% 18
\BOOKMARK [1][]{section.2.3}{Semantic Web}{chapter.2}% 19
\BOOKMARK [2][]{subsection.2.3.1}{Resource Description Framework \(RDF\)}{section.2.3}% 20
\BOOKMARK [2][]{subsection.2.3.2}{RDF Schema}{section.2.3}% 21
\BOOKMARK [2][]{subsection.2.3.3}{Ontology Vocabulary}{section.2.3}% 22
\BOOKMARK [2][]{subsection.2.3.4}{Linked Open Data}{section.2.3}% 23
\BOOKMARK [1][]{section.2.4}{Evaluation Metrics}{chapter.2}% 24
\BOOKMARK [1][]{section.2.5}{Conclusion}{chapter.2}% 25
\BOOKMARK [-1][]{part.1}{I Structuring and Linking Event-centric Data on the Web}{}% 26
\BOOKMARK [0][]{chapter.3}{Data Aggregation and Modeling}{part.1}% 27
\BOOKMARK [1][]{section.3.1}{Data Aggregation}{chapter.3}% 28
\BOOKMARK [2][]{subsection.3.1.1}{Web Service Definition}{section.3.1}% 29
\BOOKMARK [2][]{subsection.3.1.2}{REST-based Scraper}{section.3.1}% 30
\BOOKMARK [2][]{subsection.3.1.3}{Explicit Linkage}{section.3.1}% 31
\BOOKMARK [2][]{subsection.3.1.4}{Real-time Scraping}{section.3.1}% 32
\BOOKMARK [1][]{section.3.2}{Web Dashboard}{chapter.3}% 33
\BOOKMARK [1][]{section.3.3}{Semantic Data Modeling}{chapter.3}% 34
\BOOKMARK [2][]{subsection.3.3.1}{Event Modeling: the LODE Ontology}{section.3.3}% 35
\BOOKMARK [2][]{subsection.3.3.2}{Media Modeling}{section.3.3}% 36
\BOOKMARK [1][]{section.3.4}{EventMedia Dataset}{chapter.3}% 37
\BOOKMARK [1][]{section.3.5}{Conclusion}{chapter.3}% 38
\BOOKMARK [0][]{chapter.4}{Objective Linked Data Quality}{part.1}% 39
\BOOKMARK [1][]{section.4.1}{Data Quality Assessment}{chapter.4}% 40
\BOOKMARK [1][]{section.4.2}{Objective Linked Data Quality Classification}{chapter.4}% 41
\BOOKMARK [2][]{subsection.4.2.1}{Completeness}{section.4.2}% 42
\BOOKMARK [2][]{subsection.4.2.2}{Availability}{section.4.2}% 43
\BOOKMARK [2][]{subsection.4.2.3}{Correctness}{section.4.2}% 44
\BOOKMARK [2][]{subsection.4.2.4}{Consistency}{section.4.2}% 45
\BOOKMARK [2][]{subsection.4.2.5}{Freshness}{section.4.2}% 46
\BOOKMARK [2][]{subsection.4.2.6}{Provenance}{section.4.2}% 47
\BOOKMARK [2][]{subsection.4.2.7}{Licensing}{section.4.2}% 48
\BOOKMARK [2][]{subsection.4.2.8}{Comprehensibility}{section.4.2}% 49
\BOOKMARK [2][]{subsection.4.2.9}{Coherence}{section.4.2}% 50
\BOOKMARK [2][]{subsection.4.2.10}{Security}{section.4.2}% 51
\BOOKMARK [1][]{section.4.3}{An Extensible Objective Quality Assessment Framework}{chapter.4}% 52
\BOOKMARK [2][]{subsection.4.3.1}{Quality Score Calculation}{section.4.3}% 53
\BOOKMARK [2][]{subsection.4.3.2}{Experiments and Analysis}{section.4.3}% 54
\BOOKMARK [1][]{section.4.4}{Linked Data Quality Tools}{chapter.4}% 55
\BOOKMARK [2][]{subsection.4.4.1}{Information Quality}{section.4.4}% 56
\BOOKMARK [2][]{subsection.4.4.2}{Modeling Quality}{section.4.4}% 57
\BOOKMARK [2][]{subsection.4.4.3}{Dataset Quality}{section.4.4}% 58
\BOOKMARK [2][]{subsection.4.4.4}{Queryable End-point Quality}{section.4.4}% 59
\BOOKMARK [1][]{section.4.5}{Conclusions and Future Work}{chapter.4}% 60
\BOOKMARK [-1][]{part.2}{II Exploring the Event Landscape: Applications, Recommendation and Community Detection}{}% 61
\BOOKMARK [0][]{chapter.5}{Consuming Linked Data in Event Domain}{part.2}% 62
\BOOKMARK [1][]{section.5.1}{Introduction}{chapter.5}% 63
\BOOKMARK [1][]{section.5.2}{Related Work}{chapter.5}% 64
\BOOKMARK [1][]{section.5.3}{Profiling Data Portals}{chapter.5}% 65
\BOOKMARK [2][]{subsection.5.3.1}{Data Portal Identification}{section.5.3}% 66
\BOOKMARK [2][]{subsection.5.3.2}{Metadata Extraction}{section.5.3}% 67
\BOOKMARK [2][]{subsection.5.3.3}{Instance and Resource Extraction}{section.5.3}% 68
\BOOKMARK [2][]{subsection.5.3.4}{Profile Validation}{section.5.3}% 69
\BOOKMARK [2][]{subsection.5.3.5}{Profile and Report Generation}{section.5.3}% 70
\BOOKMARK [1][]{section.5.4}{Experiments and Evaluation}{chapter.5}% 71
\BOOKMARK [2][]{subsection.5.4.1}{General information}{section.5.4}% 72
\BOOKMARK [2][]{subsection.5.4.2}{Access information}{section.5.4}% 73
\BOOKMARK [2][]{subsection.5.4.3}{Ownership information}{section.5.4}% 74
\BOOKMARK [2][]{subsection.5.4.4}{Provenance information}{section.5.4}% 75
\BOOKMARK [1][]{section.5.5}{Conclusion and Future Work}{chapter.5}% 76
\BOOKMARK [0][]{chapter.6}{Hybrid Event Recommendation}{part.2}% 77
\BOOKMARK [1][]{section.6.1}{Content-based Recommendation using Linked Data}{chapter.6}% 78
\BOOKMARK [2][]{subsection.6.1.1}{Items Similarity in Linked Data}{section.6.1}% 79
\BOOKMARK [2][]{subsection.6.1.2}{Similarity-based Interpolation}{section.6.1}% 80
\BOOKMARK [1][]{section.6.2}{Event Recommendation }{chapter.6}% 81
\BOOKMARK [2][]{subsection.6.2.1}{Content-based Recommendation}{section.6.2}% 82
\BOOKMARK [2][]{subsection.6.2.2}{User Interests Modeling}{section.6.2}% 83
\BOOKMARK [2][]{subsection.6.2.3}{Collaborative Filtering}{section.6.2}% 84
\BOOKMARK [2][]{subsection.6.2.4}{Hybrid Recommendation}{section.6.2}% 85
\BOOKMARK [1][]{section.6.3}{Evaluation}{chapter.6}% 86
\BOOKMARK [2][]{subsection.6.3.1}{Real-world Dataset}{section.6.3}% 87
\BOOKMARK [2][]{subsection.6.3.2}{Learning Rank Weights}{section.6.3}% 88
\BOOKMARK [2][]{subsection.6.3.3}{Experiments}{section.6.3}% 89
\BOOKMARK [1][]{section.6.4}{Related Work}{chapter.6}% 90
\BOOKMARK [1][]{section.6.5}{Conclusion}{chapter.6}% 91
\BOOKMARK [0][]{chapter.7}{Topical Community Detection in Event-based Social Network}{part.2}% 92
\BOOKMARK [1][]{section.7.1}{Background}{chapter.7}% 93
\BOOKMARK [1][]{section.7.2}{Related Work}{chapter.7}% 94
\BOOKMARK [1][]{section.7.3}{Event-based Social Network}{chapter.7}% 95
\BOOKMARK [2][]{subsection.7.3.1}{EBSN Definition}{section.7.3}% 96
\BOOKMARK [2][]{subsection.7.3.2}{Spatial Aspect of Social Interactions}{section.7.3}% 97
\BOOKMARK [2][]{subsection.7.3.3}{User Participation}{section.7.3}% 98
\BOOKMARK [1][]{section.7.4}{Topical Community Detection}{chapter.7}% 99
\BOOKMARK [2][]{subsection.7.4.1}{Graph Modeling}{section.7.4}% 100
\BOOKMARK [2][]{subsection.7.4.2}{The Proposed Approach}{section.7.4}% 101
\BOOKMARK [1][]{section.7.5}{Evaluation}{chapter.7}% 102
\BOOKMARK [2][]{subsection.7.5.1}{Experimental Datasets}{section.7.5}% 103
\BOOKMARK [2][]{subsection.7.5.2}{Topic Modeling}{section.7.5}% 104
\BOOKMARK [2][]{subsection.7.5.3}{Evaluation Metrics}{section.7.5}% 105
\BOOKMARK [2][]{subsection.7.5.4}{Results}{section.7.5}% 106
\BOOKMARK [1][]{section.7.6}{Conclusion}{chapter.7}% 107
\BOOKMARK [0][]{chapter.8}{Conclusions and Future Perspectives}{part.2}% 108
\BOOKMARK [1][]{section.8.1}{Achievements}{chapter.8}% 109
\BOOKMARK [1][]{section.8.2}{Perspectives}{chapter.8}% 110
\BOOKMARK [0][]{appendix.A}{List of Publications}{part.2}% 111
\BOOKMARK [1][]{section.A.1}{Journals}{appendix.A}% 112
\BOOKMARK [1][]{section.A.2}{Conferences and Workshops}{appendix.A}% 113
\BOOKMARK [1][]{section.A.3}{Archived Technical Reports}{appendix.A}% 114
\BOOKMARK [0][]{appendix.B}{Optimization Techniques}{part.2}% 115
\BOOKMARK [1][]{section.B.1}{Genetic Algorithms \(GAs\)}{appendix.B}% 116
\BOOKMARK [1][]{section.B.2}{Particle Swarm Optimization \(PSO\)}{appendix.B}% 117
\BOOKMARK [0][]{appendix.C}{String Similarity}{part.2}% 118
\BOOKMARK [1][]{section.C.1}{Token-based Functions}{appendix.C}% 119
\BOOKMARK [1][]{section.C.2}{Character-based Functions}{appendix.C}% 120
\BOOKMARK [1][]{section.C.3}{Hybrid Functions}{appendix.C}% 121
\BOOKMARK [0][]{appendix.D}{Recommender Systems}{part.2}% 122
\BOOKMARK [1][]{section.D.1}{Content-based Recommendation}{appendix.D}% 123
\BOOKMARK [1][]{section.D.2}{Collaborative Filtering Recommendation}{appendix.D}% 124
\BOOKMARK [0][]{appendix*.73}{Bibliography}{part.2}% 125
